SF:lib\core\constants\constants.dart
DA:4,2
LF:1
LH:1
end_of_record
SF:lib\data\data_sources\remote\movie_remote_data_source_impl.dart
DA:11,1
DA:13,1
DA:15,3
DA:16,2
DA:17,2
DA:18,5
DA:21,1
DA:25,1
DA:27,3
DA:28,2
DA:29,2
DA:30,5
DA:33,1
DA:37,1
DA:39,4
DA:40,2
DA:41,2
DA:42,5
DA:45,1
LF:19
LH:19
end_of_record
SF:lib\data\models\movie_model.dart
DA:4,4
DA:18,2
DA:34,2
DA:35,2
DA:36,2
DA:37,2
DA:38,2
DA:39,2
DA:40,2
DA:41,2
DA:42,2
DA:43,2
DA:44,2
DA:45,2
DA:46,2
DA:47,2
DA:48,2
DA:52,1
DA:53,1
DA:54,1
DA:55,1
DA:56,1
DA:57,1
DA:58,1
DA:59,1
DA:60,1
DA:61,1
DA:62,1
DA:63,1
DA:64,1
DA:65,1
DA:66,1
LF:32
LH:32
end_of_record
SF:lib\core\error\failure.dart
DA:3,5
DA:7,5
DA:11,2
LF:3
LH:3
end_of_record
SF:lib\domain\entities\movie.dart
DA:18,11
DA:34,5
DA:35,5
DA:36,5
DA:37,5
DA:38,5
DA:39,5
DA:40,5
DA:41,5
DA:42,5
DA:43,5
DA:44,5
DA:45,5
DA:46,5
DA:47,5
DA:48,5
DA:49,5
DA:50,5
LF:18
LH:18
end_of_record
SF:lib\domain\use_cases\get_popular_movies_use_case.dart
DA:8,1
DA:10,1
DA:11,2
LF:3
LH:3
end_of_record
SF:lib\domain\use_cases\get_trending_movies_use_case.dart
DA:8,1
DA:10,1
DA:11,2
LF:3
LH:3
end_of_record
SF:lib\domain\use_cases\search_movie_use_case.dart
DA:8,1
DA:10,1
DA:11,2
LF:3
LH:3
end_of_record
SF:lib\data\repositories\movie_repository_impl.dart
DA:12,1
DA:14,1
DA:17,2
DA:18,5
DA:19,1
DA:21,1
DA:26,1
DA:29,2
DA:30,5
DA:31,1
DA:33,1
DA:38,1
DA:41,2
DA:42,5
DA:43,1
DA:45,1
LF:16
LH:16
end_of_record
SF:lib\presentation\bloc\popular_movies_bloc\popular_movies_state.dart
DA:4,2
DA:6,1
DA:7,1
DA:16,2
DA:17,1
DA:18,1
DA:19,1
DA:25,2
DA:26,1
DA:27,1
DA:28,1
LF:11
LH:11
end_of_record
SF:lib\presentation\bloc\popular_movies_bloc\popular_movies_bloc.dart
DA:12,3
DA:13,2
DA:14,2
DA:15,2
DA:16,1
DA:17,4
DA:18,3
LF:7
LH:7
end_of_record
SF:lib\presentation\bloc\popular_movies_bloc\popular_movies_event.dart
DA:4,1
LF:1
LH:1
end_of_record
SF:lib\presentation\bloc\searched_movies_bloc\searched_movies_event.dart
DA:4,1
DA:9,1
LF:2
LH:2
end_of_record
SF:lib\presentation\bloc\searched_movies_bloc\searched_movies_state.dart
DA:4,2
DA:6,1
DA:7,1
DA:16,2
DA:17,1
DA:18,1
DA:19,1
DA:25,2
DA:26,1
DA:27,1
DA:28,1
LF:11
LH:11
end_of_record
SF:lib\presentation\bloc\searched_movies_bloc\searched_movies_bloc.dart
DA:11,3
DA:12,2
DA:13,2
DA:14,3
DA:15,1
DA:16,4
DA:17,3
DA:19,1
DA:23,1
DA:24,1
DA:25,2
LF:11
LH:11
end_of_record
SF:lib\presentation\bloc\trending_movies_bloc\trending_movies_event.dart
DA:4,1
LF:1
LH:1
end_of_record
SF:lib\presentation\bloc\trending_movies_bloc\trending_movies_state.dart
DA:5,2
DA:7,1
DA:8,1
DA:17,2
DA:19,1
DA:20,1
DA:21,1
DA:27,2
DA:28,1
DA:29,1
DA:30,1
LF:11
LH:11
end_of_record
SF:lib\presentation\bloc\trending_movies_bloc\trending_movies_bloc.dart
DA:12,3
DA:13,2
DA:14,2
DA:15,2
DA:16,1
DA:17,4
DA:18,3
LF:7
LH:7
end_of_record
