SF:lib\core\constants\constants.dart
DA:4,2
DA:5,2
LF:2
LH:2
end_of_record
SF:lib\data\data_sources\remote_data_source.dart
DA:14,1
DA:16,1
DA:18,4
DA:20,2
DA:21,3
DA:23,1
LF:6
LH:6
end_of_record
SF:lib\data\models\weather_model.dart
DA:4,4
DA:12,2
DA:22,4
DA:23,2
DA:24,6
DA:25,6
DA:26,6
DA:27,4
DA:28,4
DA:29,4
DA:32,2
DA:33,1
DA:34,1
DA:35,1
DA:36,1
DA:37,1
DA:40,1
DA:41,1
DA:42,1
DA:43,1
DA:45,1
DA:48,2
DA:49,1
DA:50,1
DA:51,1
DA:52,1
DA:53,1
DA:54,1
DA:55,1
LF:29
LH:29
end_of_record
SF:lib\core\error\failure.dart
DA:5,8
DA:7,0
DA:8,0
DA:9,0
DA:14,8
DA:18,7
DA:22,0
LF:7
LH:3
end_of_record
SF:lib\domain\entities\weather.dart
DA:12,8
DA:22,3
DA:24,3
DA:25,3
DA:26,3
DA:27,3
DA:28,3
DA:29,3
DA:30,3
DA:31,3
LF:10
LH:10
end_of_record
SF:lib\domain\use_cases\get_current_weather.dart
DA:9,1
DA:11,1
DA:12,2
LF:3
LH:3
end_of_record
SF:lib\data\repositories\weather_repository_impl.dart
DA:12,1
DA:14,1
DA:17,2
DA:18,2
DA:19,1
DA:21,1
LF:6
LH:6
end_of_record
SF:lib\presentation\bloc\weather_state.dart
DA:4,4
DA:6,1
DA:7,1
DA:16,3
DA:18,1
DA:19,1
DA:20,1
DA:26,2
DA:28,1
DA:29,1
DA:30,1
LF:11
LH:11
end_of_record
SF:lib\presentation\bloc\weather_event.dart
DA:4,2
DA:6,0
DA:7,0
DA:12,2
DA:14,0
DA:15,0
DA:16,0
LF:7
LH:2
end_of_record
SF:lib\presentation\bloc\weather_bloc.dart
DA:11,3
DA:12,2
DA:13,2
DA:14,3
DA:15,1
DA:16,4
DA:17,3
DA:19,1
DA:23,1
DA:24,1
DA:25,2
LF:11
LH:11
end_of_record
SF:lib\presentation\pages\weather_page.dart
DA:7,1
DA:9,1
DA:11,1
DA:12,1
DA:20,1
DA:22,1
DA:24,1
DA:25,1
DA:27,1
DA:31,2
DA:32,2
DA:34,1
DA:35,3
DA:39,1
DA:40,1
DA:41,1
DA:46,1
DA:47,1
DA:49,1
DA:50,1
DA:52,1
DA:53,1
DA:54,2
DA:59,1
DA:60,1
DA:61,1
DA:62,2
DA:69,1
DA:70,5
DA:77,1
DA:79,1
DA:84,1
DA:85,1
DA:86,1
DA:97,1
DA:99,1
DA:100,3
DA:110,1
DA:111,1
DA:122,1
DA:124,1
DA:125,3
DA:131,1
DA:132,1
DA:143,1
DA:145,1
DA:146,3
DA:161,1
DA:162,0
DA:163,0
DA:166,1
LF:51
LH:49
end_of_record
