SF:lib\main.dart
DA:10,0
DA:11,0
DA:12,0
DA:13,0
DA:17,2
DA:19,1
DA:21,1
DA:22,3
DA:23,1
DA:25,1
LF:10
LH:6
end_of_record
SF:lib\config\routes\routes.dart
DA:8,0
DA:9,0
DA:10,0
DA:11,0
DA:13,0
DA:14,0
DA:16,0
DA:17,0
DA:20,0
DA:24,0
DA:25,0
LF:11
LH:0
end_of_record
SF:lib\features\daily_news\domain\entities\article.dart
DA:13,0
DA:24,0
DA:27,0
DA:28,0
DA:29,0
DA:30,0
DA:31,0
DA:32,0
DA:33,0
DA:34,0
DA:35,0
LF:11
LH:0
end_of_record
SF:lib\features\daily_news\presentation\pages\articel_detail\article_detail.dart
DA:13,0
DA:15,0
DA:17,0
DA:18,0
DA:19,0
DA:20,0
DA:21,0
DA:22,0
DA:27,0
DA:28,0
DA:29,0
DA:30,0
DA:32,0
DA:39,0
DA:40,0
DA:41,0
DA:42,0
DA:43,0
DA:44,0
DA:45,0
DA:51,0
DA:52,0
DA:54,0
DA:56,0
DA:58,0
DA:59,0
DA:65,0
DA:66,0
DA:69,0
DA:70,0
DA:80,0
DA:81,0
DA:85,0
DA:89,0
DA:90,0
DA:92,0
DA:93,0
DA:99,0
DA:100,0
DA:101,0
DA:102,0
DA:108,0
DA:109,0
DA:112,0
DA:113,0
DA:114,0
LF:46
LH:0
end_of_record
SF:lib\features\daily_news\presentation\pages\home\daily_news.dart
DA:9,2
DA:11,1
DA:13,1
DA:14,1
DA:15,1
DA:19,1
DA:20,1
DA:25,1
DA:26,1
DA:27,0
DA:37,1
DA:38,1
DA:39,0
DA:40,0
DA:43,0
DA:46,0
DA:47,0
DA:48,0
DA:49,0
DA:50,0
DA:51,0
DA:54,0
DA:62,0
DA:63,0
DA:66,0
DA:67,0
LF:26
LH:11
end_of_record
SF:lib\features\daily_news\presentation\pages\saved_article\saved_article.dart
DA:13,1
DA:15,0
DA:17,0
DA:18,0
DA:19,0
DA:20,0
DA:21,0
DA:26,0
DA:27,0
DA:28,0
DA:29,0
DA:31,0
DA:39,0
DA:40,0
DA:41,0
DA:42,0
DA:44,0
DA:45,0
DA:47,0
DA:52,0
DA:53,0
DA:61,0
DA:62,0
DA:63,0
DA:64,0
DA:65,0
DA:67,0
DA:68,0
DA:74,0
DA:75,0
DA:78,0
DA:79,0
DA:82,0
DA:83,0
LF:34
LH:1
end_of_record
SF:lib\config\theme\app_themes.dart
DA:3,1
DA:4,1
DA:6,1
DA:10,1
LF:4
LH:4
end_of_record
SF:lib\core\resource\data_state.dart
DA:6,0
DA:10,0
DA:14,0
LF:3
LH:0
end_of_record
SF:lib\features\daily_news\data\models\article.dart
DA:8,0
DA:17,0
DA:28,0
DA:29,0
DA:30,0
DA:31,0
DA:32,0
DA:33,0
DA:34,0
DA:35,0
DA:36,0
DA:37,0
DA:40,0
DA:41,0
DA:42,0
DA:43,0
DA:44,0
DA:45,0
DA:46,0
DA:47,0
DA:48,0
DA:49,0
LF:22
LH:0
end_of_record
SF:lib\features\daily_news\data\data_sources\local\app_database.g.dart
DA:13,0
DA:14,0
DA:19,0
DA:20,0
DA:24,0
DA:33,0
DA:34,0
DA:39,0
DA:40,0
DA:45,0
DA:46,0
DA:47,0
DA:49,0
DA:50,0
DA:52,0
DA:53,0
DA:60,0
DA:61,0
DA:66,0
DA:71,0
DA:73,0
DA:74,0
DA:75,0
DA:77,0
DA:78,0
DA:80,0
DA:81,0
DA:84,0
DA:86,0
DA:87,0
DA:90,0
DA:93,0
DA:96,0
DA:98,0
DA:103,0
DA:106,0
DA:107,0
DA:110,0
DA:111,0
DA:112,0
DA:113,0
DA:114,0
DA:115,0
DA:116,0
DA:117,0
DA:118,0
DA:120,0
DA:123,0
DA:124,0
DA:125,0
DA:126,0
DA:127,0
DA:128,0
DA:129,0
DA:130,0
DA:131,0
DA:132,0
DA:145,0
DA:147,0
DA:148,0
DA:149,0
DA:150,0
DA:151,0
DA:152,0
DA:153,0
DA:154,0
DA:155,0
DA:156,0
DA:159,0
DA:161,0
DA:165,0
DA:167,0
LF:72
LH:0
end_of_record
SF:lib\features\daily_news\data\data_sources\remote\news_api_service.g.dart
DA:12,0
DA:16,0
DA:23,0
DA:30,0
DA:35,0
DA:36,0
DA:38,0
DA:43,0
DA:44,0
DA:49,0
DA:50,0
DA:51,0
DA:52,0
DA:54,0
DA:55,0
DA:59,0
DA:60,0
DA:61,0
DA:62,0
DA:64,0
DA:70,0
DA:74,0
DA:78,0
DA:80,0
DA:81,0
DA:84,0
LF:26
LH:0
end_of_record
SF:lib\features\daily_news\data\repository\article_repository_impl.dart
DA:15,0
DA:17,0
DA:20,0
DA:25,0
DA:26,0
DA:28,0
DA:29,0
DA:30,0
DA:31,0
DA:33,0
DA:37,0
DA:38,0
DA:42,0
DA:44,0
DA:47,0
DA:49,0
DA:52,0
DA:54,0
LF:18
LH:0
end_of_record
SF:lib\features\daily_news\domain\usecases\get_article.dart
DA:9,0
DA:10,0
DA:12,0
LF:3
LH:0
end_of_record
SF:lib\features\daily_news\domain\usecases\get_saved_article.dart
DA:8,0
DA:9,0
DA:11,0
LF:3
LH:0
end_of_record
SF:lib\features\daily_news\domain\usecases\remove_article.dart
DA:8,0
DA:9,0
DA:11,0
LF:3
LH:0
end_of_record
SF:lib\features\daily_news\domain\usecases\save_article.dart
DA:8,0
DA:9,0
DA:11,0
LF:3
LH:0
end_of_record
SF:lib\features\daily_news\presentation\bloc\article\local\local_article_bloc.dart
DA:13,0
DA:14,0
DA:15,0
DA:16,0
DA:19,0
DA:20,0
DA:21,0
DA:24,0
DA:25,0
DA:26,0
DA:27,0
DA:30,0
DA:31,0
DA:32,0
DA:33,0
LF:15
LH:0
end_of_record
SF:lib\features\daily_news\presentation\bloc\article\local\local_article_event.dart
DA:6,1
DA:8,0
DA:9,0
DA:10,0
DA:15,1
DA:19,0
DA:23,0
LF:7
LH:2
end_of_record
SF:lib\features\daily_news\presentation\bloc\article\local\local_article_state.dart
DA:6,1
DA:8,0
DA:9,0
DA:10,0
DA:15,1
DA:19,0
LF:6
LH:2
end_of_record
SF:lib\features\daily_news\presentation\bloc\article\remote\remote_article_bloc.dart
DA:9,0
DA:10,0
DA:13,0
DA:14,0
DA:15,0
DA:16,0
DA:18,0
DA:19,0
LF:8
LH:0
end_of_record
SF:lib\features\daily_news\presentation\bloc\article\remote\remote_article_event.dart
DA:2,1
DA:6,1
LF:2
LH:2
end_of_record
SF:lib\features\daily_news\presentation\bloc\article\remote\remote_article_state.dart
DA:9,0
DA:11,0
DA:12,0
DA:13,0
DA:14,0
DA:19,0
DA:23,0
DA:27,0
LF:8
LH:0
end_of_record
SF:lib\injection_container.dart
DA:16,3
DA:18,0
DA:19,0
DA:20,0
DA:23,0
DA:24,0
DA:27,0
DA:29,0
DA:32,0
DA:33,0
DA:34,0
DA:35,0
DA:38,0
DA:39,0
LF:14
LH:1
end_of_record
SF:lib\features\daily_news\presentation\widgets\article_tile.dart
DA:11,0
DA:17,0
DA:19,0
DA:21,0
DA:23,0
DA:24,0
DA:26,0
DA:27,0
DA:28,0
DA:29,0
DA:30,0
DA:31,0
DA:38,0
DA:39,0
DA:40,0
DA:41,0
DA:43,0
DA:44,0
DA:45,0
DA:46,0
DA:48,0
DA:52,0
DA:54,0
DA:55,0
DA:56,0
DA:57,0
DA:59,0
DA:60,0
DA:66,0
DA:68,0
DA:69,0
DA:70,0
DA:71,0
DA:73,0
DA:74,0
DA:82,0
DA:83,0
DA:84,0
DA:86,0
DA:89,0
DA:91,0
DA:92,0
DA:104,0
DA:105,0
DA:107,0
DA:108,0
DA:115,0
DA:116,0
DA:119,0
DA:120,0
DA:133,0
DA:134,0
DA:135,0
DA:136,0
DA:143,0
DA:146,0
DA:147,0
DA:148,0
DA:152,0
DA:153,0
DA:154,0
LF:61
LH:0
end_of_record
